<mule xmlns="http://www.mulesoft.org/schema/mule/core"
      xmlns:xsi="http://www.w3.org/2001/XMLSchema-instance"
      xmlns:jtokkit="http://www.mulesoft.org/schema/mule/jtokkit"
      xsi:schemaLocation="http://www.mulesoft.org/schema/mule/core http://www.mulesoft.org/schema/mule/core/current/mule.xsd
          http://www.mulesoft.org/schema/mule/jtokkit http://www.mulesoft.org/schema/mule/jtokkit/current/mule-jtokkit.xsd">

    <jtokkit:config name="config" configId="configId">
        <jtokkit:connection requiredParameter="aValue" />
    </jtokkit:config>

    <flow name="sayHiFlow">
        <jtokkit:say-hi person="Mariano Gonzalez"/>
    </flow>

    <flow name="retrieveInfoFlow">
        <jtokkit:retrieve-info config-ref="config"/>
    </flow>

</mule>
